<?xml version="1.0" encoding="UTF-8"?>
<testsuite xmlns:xsi="http://www.w3.org/2001/XMLSchema-instance" xsi:noNamespaceSchemaLocation="https://maven.apache.org/surefire/maven-surefire-plugin/xsd/surefire-test-report.xsd" version="3.0.2" name="com.guvi.projects.TrueReach.TrueReachApplicationTests" time="6.156" tests="1" errors="0" skipped="0" failures="0" flakes="0">
  <properties>
[...]
</properties>
  <testcase name="contextLoads" classname="com.guvi.projects.TrueReach.TrueReachApplicationTests" time="1.232">
    <system-out><![CDATA[16:33:42.131 [main] INFO org.springframework.test.context.support.AnnotationConfigContextLoaderUtils -- Could not detect default configuration classes for test class [com.guvi.projects.TrueReach.TrueReachApplicationTests]: TrueReachApplicationTests does not declare any static, non-private, non-final, nested classes annotated with @Configuration.
16:33:42.273 [main] INFO org.springframework.boot.test.context.SpringBootTestContextBootstrapper -- Found @SpringBootConfiguration com.guvi.projects.TrueReach.TrueReachApplication for test class com.guvi.projects.TrueReach.TrueReachApplicationTests
16:33:42.379 [main] INFO org.springframework.test.context.support.AnnotationConfigContextLoaderUtils -- Could not detect default configuration classes for test class [com.guvi.projects.TrueReach.TrueReachApplicationTests]: TrueReachApplicationTests does not declare any static, non-private, non-final, nested classes annotated with @Configuration.
16:33:42.382 [main] INFO org.springframework.boot.test.context.SpringBootTestContextBootstrapper -- Found @SpringBootConfiguration com.guvi.projects.TrueReach.TrueReachApplication for test class com.guvi.projects.TrueReach.TrueReachApplicationTests

  .   ____          _            __ _ _
 /\\ / ___'_ __ _ _(_)_ __  __ _ \ \ \ \
( ( )\___ | '_ | '_| | '_ \/ _` | \ \ \ \
 \\/  ___)| |_)| | | | | || (_| |  ) ) ) )
  '  |____| .__|_| |_|_| |_\__, | / / / /
 =========|_|==============|___/=/_/_/_/

 :: Spring Boot ::                (v4.0.4)

2026-04-30T16:33:42.762+05:30  INFO 14872 --- [TrueReach] [           main] c.g.p.T.TrueReachApplicationTests        : Starting TrueReachApplicationTests using Java 25 with PID 14872 (started by soumy in D:\TrueReach)
2026-04-30T16:33:42.764+05:30  INFO 14872 --- [TrueReach] [           main] c.g.p.T.TrueReachApplicationTests        : No active profile set, falling back to 1 default profile: "default"
2026-04-30T16:33:43.739+05:30  INFO 14872 --- [TrueReach] [           main] .s.d.r.c.RepositoryConfigurationDelegate : Bootstrapping Spring Data MongoDB repositories in DEFAULT mode.
2026-04-30T16:33:43.804+05:30  INFO 14872 --- [TrueReach] [           main] .s.d.r.c.RepositoryConfigurationDelegate : Finished Spring Data repository scanning in 56 ms. Found 3 MongoDB repository interfaces.
2026-04-30T16:33:44.356+05:30  INFO 14872 --- [TrueReach] [rqj.mongodb.net] org.mongodb.driver.cluster               : Adding discovered server ac-yywo1sq-shard-00-00.tnbjrqj.mongodb.net:27017 to client view of cluster
2026-04-30T16:33:44.364+05:30  INFO 14872 --- [TrueReach] [           main] org.mongodb.driver.client                : MongoClient with metadata {"driver": {"name": "mongo-java-driver|spring-boot|sync", "version": "5.6.4"}, "os": {"type": "Windows", "name": "Windows 11", "architecture": "amd64", "version": "10.0"}, "platform": "Java/Oracle Corporation/25+37-LTS-3491"} created with settings MongoClientSettings{readPreference=primary, writeConcern=WriteConcern{w=null, wTimeout=null ms, journal=null}, retryWrites=true, retryReads=true, readConcern=ReadConcern{level=null}, credential=MongoCredential{mechanism=null, userName='soumyajit', source='admin', password=<hidden>, mechanismProperties=<hidden>}, transportSettings=null, commandListeners=[], codecRegistry=ProvidersCodecRegistry{codecProviders=[ValueCodecProvider{}, BsonValueCodecProvider{}, DBRefCodecProvider{}, DBObjectCodecProvider{}, DocumentCodecProvider{}, CollectionCodecProvider{}, IterableCodecProvider{}, MapCodecProvider{}, GeoJsonCodecProvider{}, GridFSFileCodecProvider{}, Jsr310CodecProvider{}, JsonObjectCodecProvider{}, BsonCodecProvider{}, com.mongodb.client.model.mql.ExpressionCodecProvider@5c8ab9de, com.mongodb.Jep395RecordCodecProvider@57416e49, com.mongodb.KotlinCodecProvider@2e7bb00e, EnumCodecProvider{}]}, loggerSettings=LoggerSettings{maxDocumentLength=1000}, clusterSettings={hosts=[127.0.0.1:27017], srvHost=soumyajit.tnbjrqj.mongodb.net, srvServiceName=mongodb, mode=MULTIPLE, requiredClusterType=REPLICA_SET, requiredReplicaSetName='atlas-aksik6-shard-0', serverSelector='null', clusterListeners='[]', serverSelectionTimeout='30000 ms', localThreshold='15 ms'}, socketSettings=SocketSettings{connectTimeoutMS=10000, readTimeoutMS=0, receiveBufferSize=0, proxySettings=ProxySettings{host=null, port=null, username=null, password=null}}, heartbeatSocketSettings=SocketSettings{connectTimeoutMS=10000, readTimeoutMS=10000, receiveBufferSize=0, proxySettings=ProxySettings{host=null, port=null, username=null, password=null}}, connectionPoolSettings=ConnectionPoolSettings{maxSize=100, minSize=0, maxWaitTimeMS=120000, maxConnectionLifeTimeMS=0, maxConnectionIdleTimeMS=0, maintenanceInitialDelayMS=0, maintenanceFrequencyMS=60000, connectionPoolListeners=[], maxConnecting=2}, serverSettings=ServerSettings{heartbeatFrequencyMS=10000, minHeartbeatFrequencyMS=500, serverMonitoringMode=AUTO, serverListeners='[]', serverMonitorListeners='[]'}, sslSettings=SslSettings{enabled=true, invalidHostNameAllowed=false, context=null}, applicationName='null', compressorList=[], uuidRepresentation=UNSPECIFIED, serverApi=null, autoEncryptionSettings=null, dnsClient=null, inetAddressResolver=null, contextProvider=null, timeoutMS=null}
2026-04-30T16:33:44.380+05:30  INFO 14872 --- [TrueReach] [rqj.mongodb.net] org.mongodb.driver.cluster               : Adding discovered server ac-yywo1sq-shard-00-01.tnbjrqj.mongodb.net:27017 to client view of cluster
2026-04-30T16:33:44.381+05:30  INFO 14872 --- [TrueReach] [rqj.mongodb.net] org.mongodb.driver.cluster               : Adding discovered server ac-yywo1sq-shard-00-02.tnbjrqj.mongodb.net:27017 to client view of cluster
2026-04-30T16:33:44.718+05:30  INFO 14872 --- [TrueReach] [           main] org.mongodb.driver.cluster               : Waiting for server to become available for operation createIndexes with ID 5. Remaining time: 29991 ms. Selector: WritableServerSelector, topology description: {type=REPLICA_SET, servers=[{address=ac-yywo1sq-shard-00-02.tnbjrqj.mongodb.net:27017, type=UNKNOWN, state=CONNECTING}, {address=ac-yywo1sq-shard-00-01.tnbjrqj.mongodb.net:27017, type=UNKNOWN, state=CONNECTING}, {address=ac-yywo1sq-shard-00-00.tnbjrqj.mongodb.net:27017, type=UNKNOWN, state=CONNECTING}].
2026-04-30T16:33:45.039+05:30  INFO 14872 --- [TrueReach] [ngodb.net:27017] org.mongodb.driver.cluster               : Monitor thread successfully connected to server with description ServerDescription{address=ac-yywo1sq-shard-00-01.tnbjrqj.mongodb.net:27017, type=REPLICA_SET_PRIMARY, cryptd=false, state=CONNECTED, ok=true, minWireVersion=0, maxWireVersion=25, maxDocumentSize=16777216, logicalSessionTimeoutMinutes=30, roundTripTimeNanos=386732200, minRoundTripTimeNanos=0, setName='atlas-aksik6-shard-0', canonicalAddress=ac-yywo1sq-shard-00-01.tnbjrqj.mongodb.net:27017, hosts=[ac-yywo1sq-shard-00-00.tnbjrqj.mongodb.net:27017, ac-yywo1sq-shard-00-01.tnbjrqj.mongodb.net:27017, ac-yywo1sq-shard-00-02.tnbjrqj.mongodb.net:27017], passives=[], arbiters=[], primary='ac-yywo1sq-shard-00-01.tnbjrqj.mongodb.net:27017', tagSet=TagSet{[Tag{name='availabilityZone', value='aps1-az2'}, Tag{name='cacheState', value='READY'}, Tag{name='diskState', value='READY'}, Tag{name='nodeType', value='ELECTABLE'}, Tag{name='provider', value='AWS'}, Tag{name='region', value='AP_SOUTH_1'}, Tag{name='workloadType', value='OPERATIONAL'}]}, electionId=7fffffff0000000000000017, setVersion=11, topologyVersion=TopologyVersion{processId=69eb86c22194ca6756ad747d, counter=6}, lastWriteDate=Thu Apr 30 16:33:44 IST 2026, lastUpdateTimeNanos=80412260886800}
2026-04-30T16:33:45.039+05:30  INFO 14872 --- [TrueReach] [ngodb.net:27017] org.mongodb.driver.cluster               : Monitor thread successfully connected to server with description ServerDescription{address=ac-yywo1sq-shard-00-02.tnbjrqj.mongodb.net:27017, type=REPLICA_SET_SECONDARY, cryptd=false, state=CONNECTED, ok=true, minWireVersion=0, maxWireVersion=25, maxDocumentSize=16777216, logicalSessionTimeoutMinutes=30, roundTripTimeNanos=386735300, minRoundTripTimeNanos=0, setName='atlas-aksik6-shard-0', canonicalAddress=ac-yywo1sq-shard-00-02.tnbjrqj.mongodb.net:27017, hosts=[ac-yywo1sq-shard-00-00.tnbjrqj.mongodb.net:27017, ac-yywo1sq-shard-00-01.tnbjrqj.mongodb.net:27017, ac-yywo1sq-shard-00-02.tnbjrqj.mongodb.net:27017], passives=[], arbiters=[], primary='ac-yywo1sq-shard-00-01.tnbjrqj.mongodb.net:27017', tagSet=TagSet{[Tag{name='availabilityZone', value='aps1-az3'}, Tag{name='cacheState', value='READY'}, Tag{name='diskState', value='READY'}, Tag{name='nodeType', value='ELECTABLE'}, Tag{name='provider', value='AWS'}, Tag{name='region', value='AP_SOUTH_1'}, Tag{name='workloadType', value='OPERATIONAL'}]}, electionId=null, setVersion=11, topologyVersion=TopologyVersion{processId=69eb870b10211dfe976b5599, counter=3}, lastWriteDate=Thu Apr 30 16:33:44 IST 2026, lastUpdateTimeNanos=80412260888600}
2026-04-30T16:33:45.039+05:30  INFO 14872 --- [TrueReach] [ngodb.net:27017] org.mongodb.driver.cluster               : Monitor thread successfully connected to server with description ServerDescription{address=ac-yywo1sq-shard-00-00.tnbjrqj.mongodb.net:27017, type=REPLICA_SET_SECONDARY, cryptd=false, state=CONNECTED, ok=true, minWireVersion=0, maxWireVersion=25, maxDocumentSize=16777216, logicalSessionTimeoutMinutes=30, roundTripTimeNanos=386748600, minRoundTripTimeNanos=0, setName='atlas-aksik6-shard-0', canonicalAddress=ac-yywo1sq-shard-00-00.tnbjrqj.mongodb.net:27017, hosts=[ac-yywo1sq-shard-00-00.tnbjrqj.mongodb.net:27017, ac-yywo1sq-shard-00-01.tnbjrqj.mongodb.net:27017, ac-yywo1sq-shard-00-02.tnbjrqj.mongodb.net:27017], passives=[], arbiters=[], primary='ac-yywo1sq-shard-00-01.tnbjrqj.mongodb.net:27017', tagSet=TagSet{[Tag{name='availabilityZone', value='aps1-az1'}, Tag{name='cacheState', value='READY'}, Tag{name='diskState', value='READY'}, Tag{name='nodeType', value='ELECTABLE'}, Tag{name='provider', value='AWS'}, Tag{name='region', value='AP_SOUTH_1'}, Tag{name='workloadType', value='OPERATIONAL'}]}, electionId=null, setVersion=11, topologyVersion=TopologyVersion{processId=69eb8679747423e3c5f3fd91, counter=4}, lastWriteDate=Thu Apr 30 16:33:44 IST 2026, lastUpdateTimeNanos=80412260888600}
2026-04-30T16:33:45.045+05:30  INFO 14872 --- [TrueReach] [ngodb.net:27017] org.mongodb.driver.cluster               : Discovered replica set primary ac-yywo1sq-shard-00-01.tnbjrqj.mongodb.net:27017 with max election id 7fffffff0000000000000017 and max set version 11
2026-04-30T16:33:45.694+05:30  INFO 14872 --- [TrueReach] [           main] r$InitializeUserDetailsManagerConfigurer : Global AuthenticationManager configured with UserDetailsService bean with name userDetailsServiceImpl
2026-04-30T16:33:46.773+05:30  INFO 14872 --- [TrueReach] [           main] c.g.p.T.TrueReachApplicationTests        : Started TrueReachApplicationTests in 4.298 seconds (process running for 5.689)
2026-04-30T16:33:46.777+05:30  WARN 14872 --- [TrueReach] [           main] o.s.core.events.SpringDocAppInitializer  : SpringDoc /v3/api-docs endpoint is enabled by default. To disable it in production, set the property 'springdoc.api-docs.enabled=false'
2026-04-30T16:33:46.777+05:30  WARN 14872 --- [TrueReach] [           main] o.s.core.events.SpringDocAppInitializer  : SpringDoc /swagger-ui.html endpoint is enabled by default. To disable it in production, set the property 'springdoc.swagger-ui.enabled=false'
]]></system-out>
    <system-err><![CDATA[Mockito is currently self-attaching to enable the inline-mock-maker. This will no longer work in future releases of the JDK. Please add Mockito as an agent to your build as described in Mockito's documentation: https://javadoc.io/doc/org.mockito/mockito-core/latest/org.mockito/org/mockito/Mockito.html#0.3
WARNING: A Java agent has been loaded dynamically (C:\Users\soumy\.m2\repository\net\bytebuddy\byte-buddy-agent\1.17.8\byte-buddy-agent-1.17.8.jar)
WARNING: If a serviceability tool is in use, please run with -XX:+EnableDynamicAgentLoading to hide this warning
WARNING: If a serviceability tool is not in use, please run with -Djdk.instrument.traceUsage for more information
WARNING: Dynamic loading of agents will be disallowed by default in a future release
]]></system-err>
  </testcase>
</testsuite>